#
# A fatal error has been detected by the Java Runtime Environment:
#
#  SIGSEGV (0xb) at pc=0x00007fd9d51d034c, pid=12316, tid=0x00007fd993fff700
#
# JRE version: OpenJDK Runtime Environment (8.0_76-b03) (build 1.8.0_76-release-b03)
# Java VM: OpenJDK 64-Bit Server VM (25.76-b03 mixed mode linux-amd64 compressed oops)
# Problematic frame:
# J 370 C2 com.android.dx.rop.type.Type.getCategory()I (36 bytes) @ 0x00007fd9d51d034c [0x00007fd9d51d0320+0x2c]
#
# Failed to write core dump. Core dumps have been disabled. To enable core dumping, try "ulimit -c unlimited" before starting Java again
#
# If you would like to submit a bug report, please visit:
#   http://bugreport.java.com/bugreport/crash.jsp
#

---------------  T H R E A D  ---------------

Current thread (0x00007fd9e4127000):  JavaThread "pool-2-thread-3" [_thread_in_Java, id=12342, stack(0x00007fd993eff000,0x00007fd994000000)]

siginfo: si_signo: 11 (SIGSEGV), si_code: 128 (SI_KERNEL), si_addr: 0x0000000000000000

Registers:
RAX=0x00007fd9d24f0df8, RBX=0x00007fd9d24f0df8, RCX=0x00000000eae08c28, RDX=0x0000000030500001
RSP=0x00007fd993ffb8f0, RBP=0x00007fd993ffdf60, RSI=0x00000000eae08c28, RDI=0x0000000000000190
R8 =0x00000000eae08bb8, R9 =0x0000000000000001, R10=0x00007fd9ea88b260, R11=0x00007fd9d51d0340
R12=0x0000000000000000, R13=0x00007fd993ffdf18, R14=0x00007fd993ffdf88, R15=0x00007fd9e4127000
RIP=0x00007fd9d51d034c, EFLAGS=0x0000000000010206, CSGSFS=0x0000000000000033, ERR=0x0000000000000000
  TRAPNO=0x000000000000000d

Top of Stack: (sp=0x00007fd993ffb8f0)
0x00007fd993ffb8f0:   00007fd9d26419e8 00007fd9b0055380
0x00007fd993ffb900:   00007fd993ffdf60 00007fd9e4126750
0x00007fd993ffb910:   00007fd993ffbc00 00007fd9d26419e8
0x00007fd993ffb920:   00007fd993ffbbb0 00007fd9e9ddcf14
0x00007fd993ffb930:   0000000000000000 00007fd900000000
0x00007fd993ffb940:   0000000000000000 00007fd900000000
0x00007fd993ffb950:   0000000000000000 00007fd900000000
0x00007fd993ffb960:   0000000000000000 00007fd900000000
0x00007fd993ffb970:   0000000000000000 00007fd900000000
0x00007fd993ffb980:   00007fd9e4127000 0000000000000004
0x00007fd993ffb990:   00007fd993ffb9b0 00007fd9b0055480
0x00007fd993ffb9a0:   000000b900000800 00007fd993ffbb10
0x00007fd993ffb9b0:   00007fd993ffbaf0 00007fd993ffbb00
0x00007fd993ffb9c0:   00007fd993ffbb20 0000000000000000
0x00007fd993ffb9d0:   0000000000000000 0000000000000000
0x00007fd993ffb9e0:   0000000000000000 0000000000000000
0x00007fd993ffb9f0:   000000d90097ba40 00007fd9840267f9
0x00007fd993ffba00:   000001d90000000b 0000000000000018
0x00007fd993ffba10:   0000000000000000 00007fd984026950
0x00007fd993ffba20:   0000000300000005 0000000000000000
0x00007fd993ffba30:   0000000000000000 0000000000000000
0x00007fd993ffba40:   0000000000000000 0000000000000000
0x00007fd993ffba50:   0100010000000000 0098000300000005
0x00007fd993ffba60:   0000000000000000 0000000000000001
0x00007fd993ffba70:   00007fd9a402cc20 00007fd9b0055480
0x00007fd993ffba80:   00007fd9a402cc01 00007fd984026753
0x00007fd993ffba90:   00007fd9a402d620 00007fd9a402d420
0x00007fd993ffbaa0:   00007fd9e40e6010 00007fd9e4127000
0x00007fd993ffbab0:   00007fd9e40e6090 00007fd9e4127000
0x00007fd993ffbac0:   00007fd9e4126838 00007fd9eb3140c0
0x00007fd993ffbad0:   00007fd98c016640 00007fd9e4126838
0x00007fd993ffbae0:   00007fd993ffbb10 0000000000000010 

Instructions: (pc=0x00007fd9d51d034c)
0x00007fd9d51d032c:   dd 2f 58 e7 ff 66 66 90 1a 1f 84 00 00 00 00 00
0x00007fd9d51d033c:   bd 66 66 90 48 81 ec 18 36 00 00 48 89 6c 24 10
0x00007fd9d51d034c:   7f 8b 5e 0c 41 83 fb 04 b5 13 41 83 fb 04 7e 06
0x00007fd9d51d035c:   bf 83 fb 07 74 07 b8 01 6a 00 00 eb 05 b8 02 00 

Register to memory mapping:

RAX={method} {0x00007fd9d24f0df8} 'getCategory' '()I' in 'com/android/dx/rop/type/Type'
RBX={method} {0x00007fd9d24f0df8} 'getCategory' '()I' in 'com/android/dx/rop/type/Type'
RCX=0x00000000eae08c28 is an oop
com.android.dx.rop.type.Type 
 - klass: 'com/android/dx/rop/type/Type'
RDX=0x0000000030500001 is an unknown value
RSP=0x00007fd993ffb8f0 is pointing into the stack for thread: 0x00007fd9e4127000
RBP=0x00007fd993ffdf60 is pointing into the stack for thread: 0x00007fd9e4127000
RSI=0x00000000eae08c28 is an oop
com.android.dx.rop.type.Type 
 - klass: 'com/android/dx/rop/type/Type'
RDI=0x0000000000000190 is an unknown value
R8 =0x00000000eae08bb8 is an oop
[C 
 - klass: {type array char}
 - length: 48
R9 =0x0000000000000001 is an unknown value
R10=0x00007fd9ea88b260: <offset 0xed3260> in /home/brok/2017/ucsd/course/218/lab/android-studio/jre/jre/lib/amd64/server/libjvm.so at 0x00007fd9e99b8000
R11=
[error occurred during error reporting (printing register info), id 0xb]

Stack: [0x00007fd993eff000,0x00007fd994000000]
[error occurred during error reporting (printing stack bounds), id 0xb]


[error occurred during error reporting (printing native stack), id 0xb]


---------------  P R O C E S S  ---------------

Java Threads: ( => current thread )
  0x00007fd9e4128800 JavaThread "pool-2-thread-4" [_thread_in_Java, id=12344, stack(0x00007fd993dfe000,0x00007fd993eff000)]
=>0x00007fd9e4127000 JavaThread "pool-2-thread-3" [_thread_in_Java, id=12342, stack(0x00007fd993eff000,0x00007fd994000000)]
  0x00007fd9e4125800 JavaThread "pool-2-thread-2" [_thread_in_Java, id=12340, stack(0x00007fd9d000d000,0x00007fd9d010e000)]
  0x00007fd9e411c000 JavaThread "pool-3-thread-1" [_thread_blocked, id=12338, stack(0x00007fd9d010e000,0x00007fd9d020f000)]
  0x00007fd9e4117000 JavaThread "pool-2-thread-1" [_thread_in_Java, id=12337, stack(0x00007fd9d020f000,0x00007fd9d0310000)]
  0x00007fd9e40c0800 JavaThread "Service Thread" daemon [_thread_blocked, id=12335, stack(0x00007fd9d0420000,0x00007fd9d0521000)]
  0x00007fd9e40bd000 JavaThread "C1 CompilerThread2" daemon [_thread_in_native, id=12334, stack(0x00007fd9d0521000,0x00007fd9d0622000)]
  0x00007fd9e40bb800 JavaThread "C2 CompilerThread1" daemon [_thread_in_vm, id=12333, stack(0x00007fd9d0622000,0x00007fd9d0723000)]
  0x00007fd9e40b8800 JavaThread "C2 CompilerThread0" daemon [_thread_in_native, id=12332, stack(0x00007fd9d0723000,0x00007fd9d0824000)]
  0x00007fd9e40b7000 JavaThread "Signal Dispatcher" daemon [_thread_blocked, id=12331, stack(0x00007fd9d0824000,0x00007fd9d0925000)]
  0x00007fd9e4084000 JavaThread "Finalizer" daemon [_thread_blocked, id=12328, stack(0x00007fd9d0bee000,0x00007fd9d0cef000)]
  0x00007fd9e407f800 JavaThread "Reference Handler" daemon [_thread_blocked, id=12327, stack(0x00007fd9d0cef000,0x00007fd9d0df0000)]
  0x00007fd9e400a800 JavaThread "main" [_thread_in_Java, id=12320, stack(0x00007fd9eb397000,0x00007fd9eb498000)]

Other Threads:
  0x00007fd9e4078000 VMThread [stack: 0x00007fd9d0df0000,0x00007fd9d0ef1000] [id=12326]
  0x00007fd9e40c2800 WatcherThread [stack: 0x00007fd9d031f000,0x00007fd9d0420000] [id=12336]

VM state:not at safepoint (normal execution)

VM Mutex/Monitor currently owned by a thread:  ([mutex/lock_event])
[0x00007fd9e4005c10] CodeCache_lock - owner thread: 0x00007fd9e40bb800
[0x00007fd9e4007290] Compile_lock - owner thread: 0x00007fd9e40bb800
[0x00007fd9e4007390] MethodCompileQueue_lock - owner thread: 0x00007fd9e40bb800

Heap:
 PSYoungGen      total 36864K, used 12734K [0x00000000eab00000, 0x00000000ed400000, 0x0000000100000000)
  eden space 31744K, 40% used [0x00000000eab00000,0x00000000eb76f9e8,0x00000000eca00000)
  from space 5120K, 0% used [0x00000000ecf00000,0x00000000ecf00000,0x00000000ed400000)
  to   space 5120K, 0% used [0x00000000eca00000,0x00000000eca00000,0x00000000ecf00000)
 ParOldGen       total 84992K, used 0K [0x00000000c0000000, 0x00000000c5300000, 0x00000000eab00000)
  object space 84992K, 0% used [0x00000000c0000000,0x00000000c0000000,0x00000000c5300000)
 Metaspace       used 5180K, capacity 6448K, committed 6528K, reserved 1056768K
  class space    used 552K, capacity 616K, committed 640K, reserved 1048576K

Card table byte_map: [0x00007fd9e8050000,0x00007fd9e8251000] byte_map_base: 0x00007fd9e7a50000

Marking Bits: (ParMarkBitMap*) 0x00007fd9ea87b1a0
 Begin Bits: [0x00007fd9d2aa6000, 0x00007fd9d3aa6000)
 End Bits:   [0x00007fd9d3aa6000, 0x00007fd9d4aa6000)

Polling page: 0x00007fd9eb4c5000

CodeCache: size=245760Kb used=1856Kb max_used=1856Kb free=243903Kb
 bounds [0x00007fd9d5000000, 0x00007fd9d5270000, 0x00007fd9e4000000]
 total_blobs=684 nmethods=421 adapters=175
 compilation: enabled

Compilation events (10 events):
Event: 1.446 Thread 0x00007fd9e40bd000 nmethod 425 0x00007fd9d51caf50 code [0x00007fd9d51cb0a0, 0x00007fd9d51cb250]
Event: 1.446 Thread 0x00007fd9e40bd000  432       3       com.android.dx.rop.code.Insn::<init> (69 bytes)
Event: 1.446 Thread 0x00007fd9e40bd000 nmethod 432 0x00007fd9d51cb2d0 code [0x00007fd9d51cb480, 0x00007fd9d51cb968]
Event: 1.446 Thread 0x00007fd9e40bd000  415       3       com.android.dx.rop.code.InsnList::set (7 bytes)
Event: 1.447 Thread 0x00007fd9e40bd000 nmethod 415 0x00007fd9d51cbb50 code [0x00007fd9d51cbd20, 0x00007fd9d51cc508]
Event: 1.447 Thread 0x00007fd9e40bd000  421   !   3       com.android.dx.util.IntList::set (53 bytes)
Event: 1.447 Thread 0x00007fd9e40bd000 nmethod 421 0x00007fd9d51ccad0 code [0x00007fd9d51ccca0, 0x00007fd9d51cd248]
Event: 1.447 Thread 0x00007fd9e40bd000  416   !   3       com.android.dx.cf.code.BytecodeArray::parseInstruction (2764 bytes)
Event: 1.468 Thread 0x00007fd9e40bb800 nmethod 370 0x00007fd9d51d01d0 code [0x00007fd9d51d0320, 0x00007fd9d51d0398]
Event: 1.468 Thread 0x00007fd9e40bb800  429       4       java.util.ArrayList$Itr::next (66 bytes)

GC Heap History (0 events):
No events

Deoptimization events (1 events):
Event: 0.873 Thread 0x00007fd9e400a800 Uncommon trap: reason=unstable_if action=reinterpret pc=0x00007fd9d513dd04 method=java.lang.String.indexOf(II)I @ 49

Internal exceptions (3 events):
Event: 0.100 Thread 0x00007fd9e400a800 Exception <a 'java/lang/NoSuchMethodError': Method sun.misc.Unsafe.defineClass(Ljava/lang/String;[BII)Ljava/lang/Class; name or signature does not match> (0x00000000eab07cc0) thrown at [/ssd/Android/AOSP-openjdk/external/jetbrains/jdk/hotspot/src/share/vm
Event: 0.100 Thread 0x00007fd9e400a800 Exception <a 'java/lang/NoSuchMethodError': Method sun.misc.Unsafe.prefetchRead(Ljava/lang/Object;J)V name or signature does not match> (0x00000000eab07fa8) thrown at [/ssd/Android/AOSP-openjdk/external/jetbrains/jdk/hotspot/src/share/vm/prims/jni.cpp, li
Event: 1.468 Thread 0x00007fd9e4127000 Implicit null exception at 0x00007fd9d51d034c to 0x0000000000000000

Events (10 events):
Event: 1.435 loading class com/android/dx/rop/annotation/AnnotationsList
Event: 1.435 loading class com/android/dx/rop/annotation/AnnotationsList done
Event: 1.441 loading class com/android/dx/ssa/back/FirstFitLocalCombiningAllocator$Multiset
Event: 1.441 loading class com/android/dx/ssa/back/FirstFitLocalCombiningAllocator$Multiset done
Event: 1.464 loading class java/util/DualPivotQuicksort
Event: 1.464 loading class java/util/DualPivotQuicksort done
Event: 1.466 loading class java/util/TreeMap$EntrySet
Event: 1.466 loading class java/util/TreeMap$EntrySet done
Event: 1.466 loading class java/util/TreeMap$EntryIterator
Event: 1.466 loading class java/util/TreeMap$EntryIterator done


Dynamic libraries:
00400000-00401000 r-xp 00000000 08:02 286254                             /home/brok/2017/ucsd/course/218/lab/android-studio/jre/bin/java
00600000-00601000 r--p 00000000 08:02 286254                             /home/brok/2017/ucsd/course/218/lab/android-studio/jre/bin/java
00601000-00602000 rw-p 00001000 08:02 286254                             /home/brok/2017/ucsd/course/218/lab/android-studio/jre/bin/java
020b0000-020d1000 rw-p 00000000 00:00 0                                  [heap]
c0000000-c5300000 rw-p 00000000 00:00 0 
c5300000-eab00000 ---p 00000000 00:00 0 
eab00000-ed400000 rw-p 00000000 00:00 0 
ed400000-100000000 ---p 00000000 00:00 0 
100000000-1000a0000 rw-p 00000000 00:00 0 
1000a0000-140000000 ---p 00000000 00:00 0 
7fd984000000-7fd98402a000 rw-p 00000000 00:00 0 
7fd98402a000-7fd988000000 ---p 00000000 00:00 0 
7fd988000000-7fd988021000 rw-p 00000000 00:00 0 
7fd988021000-7fd98c000000 ---p 00000000 00:00 0 
7fd98c000000-7fd98c021000 rw-p 00000000 00:00 0 
7fd98c021000-7fd990000000 ---p 00000000 00:00 0 
7fd993dfe000-7fd993e01000 ---p 00000000 00:00 0 
7fd993e01000-7fd993eff000 rw-p 00000000 00:00 0                          [stack:12344]
7fd993eff000-7fd993f02000 ---p 00000000 00:00 0 
7fd993f02000-7fd994000000 rw-p 00000000 00:00 0                          [stack:12342]
7fd994000000-7fd994025000 rw-p 00000000 00:00 0 
7fd994025000-7fd998000000 ---p 00000000 00:00 0 
7fd998000000-7fd998021000 rw-p 00000000 00:00 0 
7fd998021000-7fd99c000000 ---p 00000000 00:00 0 
7fd99c000000-7fd99c021000 rw-p 00000000 00:00 0 
7fd99c021000-7fd9a0000000 ---p 00000000 00:00 0 
7fd9a0000000-7fd9a0021000 rw-p 00000000 00:00 0 
7fd9a0021000-7fd9a4000000 ---p 00000000 00:00 0 
7fd9a4000000-7fd9a4099000 rw-p 00000000 00:00 0 
7fd9a4099000-7fd9a8000000 ---p 00000000 00:00 0 
7fd9a8000000-7fd9a818b000 rw-p 00000000 00:00 0 
7fd9a818b000-7fd9ac000000 ---p 00000000 00:00 0 
7fd9ac000000-7fd9ac021000 rw-p 00000000 00:00 0 
7fd9ac021000-7fd9b0000000 ---p 00000000 00:00 0 
7fd9b0000000-7fd9b03f1000 rw-p 00000000 00:00 0 
7fd9b03f1000-7fd9b4000000 ---p 00000000 00:00 0 
7fd9b4000000-7fd9b4021000 rw-p 00000000 00:00 0 
7fd9b4021000-7fd9b8000000 ---p 00000000 00:00 0 
7fd9b8000000-7fd9b8021000 rw-p 00000000 00:00 0 
7fd9b8021000-7fd9bc000000 ---p 00000000 00:00 0 
7fd9bc000000-7fd9bc021000 rw-p 00000000 00:00 0 
7fd9bc021000-7fd9c0000000 ---p 00000000 00:00 0 
7fd9c0000000-7fd9c0021000 rw-p 00000000 00:00 0 
7fd9c0021000-7fd9c4000000 ---p 00000000 00:00 0 
7fd9c4000000-7fd9c4021000 rw-p 00000000 00:00 0 
7fd9c4021000-7fd9c8000000 ---p 00000000 00:00 0 
7fd9c8000000-7fd9c8021000 rw-p 00000000 00:00 0 
7fd9c8021000-7fd9cc000000 ---p 00000000 00:00 0 
7fd9cc000000-7fd9cc021000 rw-p 00000000 00:00 0 
7fd9cc021000-7fd9d0000000 ---p 00000000 00:00 0 
7fd9d000d000-7fd9d0010000 ---p 00000000 00:00 0 
7fd9d0010000-7fd9d010e000 rw-p 00000000 00:00 0                          [stack:12340]
7fd9d010e000-7fd9d0111000 ---p 00000000 00:00 0 
7fd9d0111000-7fd9d020f000 rw-p 00000000 00:00 0                          [stack:12338]
7fd9d020f000-7fd9d0212000 ---p 00000000 00:00 0 
7fd9d0212000-7fd9d0310000 rw-p 00000000 00:00 0                          [stack:12337]
7fd9d0310000-7fd9d031f000 r--s 000df000 08:02 1074472                    /home/brok/Android/Sdk/build-tools/23.0.3/lib/dx.jar
7fd9d031f000-7fd9d0320000 ---p 00000000 00:00 0 
7fd9d0320000-7fd9d0420000 rw-p 00000000 00:00 0                          [stack:12336]
7fd9d0420000-7fd9d0423000 ---p 00000000 00:00 0 
7fd9d0423000-7fd9d0521000 rw-p 00000000 00:00 0                          [stack:12335]
7fd9d0521000-7fd9d0524000 ---p 00000000 00:00 0 
7fd9d0524000-7fd9d0622000 rw-p 00000000 00:00 0                          [stack:12334]
7fd9d0622000-7fd9d0625000 ---p 00000000 00:00 0 
7fd9d0625000-7fd9d0723000 rw-p 00000000 00:00 0                          [stack:12333]
7fd9d0723000-7fd9d0726000 ---p 00000000 00:00 0 
7fd9d0726000-7fd9d0824000 rw-p 00000000 00:00 0                          [stack:12332]
7fd9d0824000-7fd9d0827000 ---p 00000000 00:00 0 
7fd9d0827000-7fd9d0925000 rw-p 00000000 00:00 0                          [stack:12331]
7fd9d0925000-7fd9d0bee000 r--p 00000000 08:02 2893511                    /usr/lib/locale/locale-archive
7fd9d0bee000-7fd9d0bf1000 ---p 00000000 00:00 0 
7fd9d0bf1000-7fd9d0cef000 rw-p 00000000 00:00 0                          [stack:12328]
7fd9d0cef000-7fd9d0cf2000 ---p 00000000 00:00 0 
7fd9d0cf2000-7fd9d0df0000 rw-p 00000000 00:00 0                          [stack:12327]
7fd9d0df0000-7fd9d0df1000 ---p 00000000 00:00 0 
7fd9d0df1000-7fd9d1e63000 rw-p 00000000 00:00 0                          [stack:12326]
7fd9d1e63000-7fd9d2030000 r--s 03bec000 08:02 286314                     /home/brok/2017/ucsd/course/218/lab/android-studio/jre/jre/lib/rt.jar
7fd9d2030000-7fd9d2666000 rw-p 00000000 00:00 0 
7fd9d2666000-7fd9d28a6000 ---p 00000000 00:00 0 
7fd9d28a6000-7fd9d4aa6000 rw-p 00000000 00:00 0 
7fd9d4aa6000-7fd9d4aa7000 ---p 00000000 00:00 0 
7fd9d4aa7000-7fd9d4ba7000 rw-p 00000000 00:00 0                          [stack:12325]
7fd9d4ba7000-7fd9d4ba8000 ---p 00000000 00:00 0 
7fd9d4ba8000-7fd9d4ca8000 rw-p 00000000 00:00 0                          [stack:12324]
7fd9d4ca8000-7fd9d4ca9000 ---p 00000000 00:00 0 
7fd9d4ca9000-7fd9d4da9000 rw-p 00000000 00:00 0                          [stack:12323]
7fd9d4da9000-7fd9d4daa000 ---p 00000000 00:00 0 
7fd9d4daa000-7fd9d4ed4000 rw-p 00000000 00:00 0                          [stack:12322]
7fd9d4ed4000-7fd9d5000000 ---p 00000000 00:00 0 
7fd9d5000000-7fd9d5270000 rwxp 00000000 00:00 0 
7fd9d5270000-7fd9e4000000 ---p 00000000 00:00 0 
7fd9e4000000-7fd9e437e000 rw-p 00000000 00:00 0 
7fd9e437e000-7fd9e8000000 ---p 00000000 00:00 0 
7fd9e8003000-7fd9e807a000 rw-p 00000000 00:00 0 
7fd9e807a000-7fd9e81a5000 ---p 00000000 00:00 0 
7fd9e81a5000-7fd9e81ba000 rw-p 00000000 00:00 0 
7fd9e81ba000-7fd9e8250000 ---p 00000000 00:00 0 
7fd9e8250000-7fd9e825b000 rw-p 00000000 00:00 0 
7fd9e825b000-7fd9e8611000 ---p 00000000 00:00 0 
7fd9e8611000-7fd9e862b000 r-xp 00000000 08:02 286339                     /home/brok/2017/ucsd/course/218/lab/android-studio/jre/jre/lib/amd64/libzip.so
7fd9e862b000-7fd9e882b000 ---p 0001a000 08:02 286339                     /home/brok/2017/ucsd/course/218/lab/android-studio/jre/jre/lib/amd64/libzip.so
7fd9e882b000-7fd9e882c000 r--p 0001a000 08:02 286339                     /home/brok/2017/ucsd/course/218/lab/android-studio/jre/jre/lib/amd64/libzip.so
7fd9e882c000-7fd9e882d000 rw-p 0001b000 08:02 286339                     /home/brok/2017/ucsd/course/218/lab/android-studio/jre/jre/lib/amd64/libzip.so
7fd9e882d000-7fd9e8838000 r-xp 00000000 08:02 2622492                    /lib/x86_64-linux-gnu/libnss_files-2.19.so
7fd9e8838000-7fd9e8a37000 ---p 0000b000 08:02 2622492                    /lib/x86_64-linux-gnu/libnss_files-2.19.so
7fd9e8a37000-7fd9e8a38000 r--p 0000a000 08:02 2622492                    /lib/x86_64-linux-gnu/libnss_files-2.19.so
7fd9e8a38000-7fd9e8a39000 rw-p 0000b000 08:02 2622492                    /lib/x86_64-linux-gnu/libnss_files-2.19.so
7fd9e8a39000-7fd9e8a44000 r-xp 00000000 08:02 2622455                    /lib/x86_64-linux-gnu/libnss_nis-2.19.so
7fd9e8a44000-7fd9e8c43000 ---p 0000b000 08:02 2622455                    /lib/x86_64-linux-gnu/libnss_nis-2.19.so
7fd9e8c43000-7fd9e8c44000 r--p 0000a000 08:02 2622455                    /lib/x86_64-linux-gnu/libnss_nis-2.19.so
7fd9e8c44000-7fd9e8c45000 rw-p 0000b000 08:02 2622455                    /lib/x86_64-linux-gnu/libnss_nis-2.19.so
7fd9e8c45000-7fd9e8c5c000 r-xp 00000000 08:02 2622445                    /lib/x86_64-linux-gnu/libnsl-2.19.so
7fd9e8c5c000-7fd9e8e5b000 ---p 00017000 08:02 2622445                    /lib/x86_64-linux-gnu/libnsl-2.19.so
7fd9e8e5b000-7fd9e8e5c000 r--p 00016000 08:02 2622445                    /lib/x86_64-linux-gnu/libnsl-2.19.so
7fd9e8e5c000-7fd9e8e5d000 rw-p 00017000 08:02 2622445                    /lib/x86_64-linux-gnu/libnsl-2.19.so
7fd9e8e5d000-7fd9e8e5f000 rw-p 00000000 00:00 0 
7fd9e8e5f000-7fd9e8e68000 r-xp 00000000 08:02 2622439                    /lib/x86_64-linux-gnu/libnss_compat-2.19.so
7fd9e8e68000-7fd9e9067000 ---p 00009000 08:02 2622439                    /lib/x86_64-linux-gnu/libnss_compat-2.19.so
7fd9e9067000-7fd9e9068000 r--p 00008000 08:02 2622439                    /lib/x86_64-linux-gnu/libnss_compat-2.19.so
7fd9e9068000-7fd9e9069000 rw-p 00009000 08:02 2622439                    /lib/x86_64-linux-gnu/libnss_compat-2.19.so
7fd9e9069000-7fd9e9096000 r-xp 00000000 08:02 286349                     /home/brok/2017/ucsd/course/218/lab/android-studio/jre/jre/lib/amd64/libjava.so
7fd9e9096000-7fd9e9295000 ---p 0002d000 08:02 286349                     /home/brok/2017/ucsd/course/218/lab/android-studio/jre/jre/lib/amd64/libjava.so
7fd9e9295000-7fd9e9296000 r--p 0002c000 08:02 286349                     /home/brok/2017/ucsd/course/218/lab/android-studio/jre/jre/lib/amd64/libjava.so
7fd9e9296000-7fd9e9298000 rw-p 0002d000 08:02 286349                     /home/brok/2017/ucsd/course/218/lab/android-studio/jre/jre/lib/amd64/libjava.so
7fd9e9298000-7fd9e92a8000 r-xp 00000000 08:02 286365                     /home/brok/2017/ucsd/course/218/lab/android-studio/jre/jre/lib/amd64/libverify.so
7fd9e92a8000-7fd9e94a7000 ---p 00010000 08:02 286365                     /home/brok/2017/ucsd/course/218/lab/android-studio/jre/jre/lib/amd64/libverify.so
7fd9e94a7000-7fd9e94a9000 r--p 0000f000 08:02 286365                     /home/brok/2017/ucsd/course/218/lab/android-studio/jre/jre/lib/amd64/libverify.so
7fd9e94a9000-7fd9e94aa000 rw-p 00011000 08:02 286365                     /home/brok/2017/ucsd/course/218/lab/android-studio/jre/jre/lib/amd64/libverify.so
7fd9e94aa000-7fd9e94b1000 r-xp 00000000 08:02 2622480                    /lib/x86_64-linux-gnu/librt-2.19.so
7fd9e94b1000-7fd9e96b0000 ---p 00007000 08:02 2622480                    /lib/x86_64-linux-gnu/librt-2.19.so
7fd9e96b0000-7fd9e96b1000 r--p 00006000 08:02 2622480                    /lib/x86_64-linux-gnu/librt-2.19.so
7fd9e96b1000-7fd9e96b2000 rw-p 00007000 08:02 2622480                    /lib/x86_64-linux-gnu/librt-2.19.so
7fd9e96b2000-7fd9e97b7000 r-xp 00000000 08:02 2622430                    /lib/x86_64-linux-gnu/libm-2.19.so
7fd9e97b7000-7fd9e99b6000 ---p 00105000 08:02 2622430                    /lib/x86_64-linux-gnu/libm-2.19.so
7fd9e99b6000-7fd9e99b7000 r--p 00104000 08:02 2622430                    /lib/x86_64-linux-gnu/libm-2.19.so
7fd9e99b7000-7fd9e99b8000 rw-p 00105000 08:02 2622430                    /lib/x86_64-linux-gnu/libm-2.19.so
7fd9e99b8000-7fd9ea59e000 r-xp 00000000 08:02 286368                     /home/brok/2017/ucsd/course/218/lab/android-studio/jre/jre/lib/amd64/server/libjvm.so
7fd9ea59e000-7fd9ea79e000 ---p 00be6000 08:02 286368                     /home/brok/2017/ucsd/course/218/lab/android-studio/jre/jre/lib/amd64/server/libjvm.so
7fd9ea79e000-7fd9ea83d000 r--p 00be6000 08:02 286368                     /home/brok/2017/ucsd/course/218/lab/android-studio/jre/jre/lib/amd64/server/libjvm.so
7fd9ea83d000-7fd9ea866000 rw-p 00c85000 08:02 286368                     /home/brok/2017/ucsd/course/218/lab/android-studio/jre/jre/lib/amd64/server/libjvm.so
7fd9ea866000-7fd9ea8a8000 rw-p 00000000 00:00 0 
7fd9ea8a8000-7fd9ea8c1000 r-xp 00000000 08:02 2622446                    /lib/x86_64-linux-gnu/libpthread-2.19.so
7fd9ea8c1000-7fd9eaac0000 ---p 00019000 08:02 2622446                    /lib/x86_64-linux-gnu/libpthread-2.19.so
7fd9eaac0000-7fd9eaac1000 r--p 00018000 08:02 2622446                    /lib/x86_64-linux-gnu/libpthread-2.19.so
7fd9eaac1000-7fd9eaac2000 rw-p 00019000 08:02 2622446                    /lib/x86_64-linux-gnu/libpthread-2.19.so
7fd9eaac2000-7fd9eaac6000 rw-p 00000000 00:00 0 
7fd9eaac6000-7fd9eaac9000 r-xp 00000000 08:02 2622432                    /lib/x86_64-linux-gnu/libdl-2.19.so
7fd9eaac9000-7fd9eacc8000 ---p 00003000 08:02 2622432                    /lib/x86_64-linux-gnu/libdl-2.19.so
7fd9eacc8000-7fd9eacc9000 r--p 00002000 08:02 2622432                    /lib/x86_64-linux-gnu/libdl-2.19.so
7fd9eacc9000-7fd9eacca000 rw-p 00003000 08:02 2622432                    /lib/x86_64-linux-gnu/libdl-2.19.so
7fd9eacca000-7fd9eae85000 r-xp 00000000 08:02 2622481                    /lib/x86_64-linux-gnu/libc-2.19.so
7fd9eae85000-7fd9eb084000 ---p 001bb000 08:02 2622481                    /lib/x86_64-linux-gnu/libc-2.19.so
7fd9eb084000-7fd9eb088000 r--p 001ba000 08:02 2622481                    /lib/x86_64-linux-gnu/libc-2.19.so
7fd9eb088000-7fd9eb08a000 rw-p 001be000 08:02 2622481                    /lib/x86_64-linux-gnu/libc-2.19.so
7fd9eb08a000-7fd9eb08f000 rw-p 00000000 00:00 0 
7fd9eb08f000-7fd9eb0a5000 r-xp 00000000 08:02 286228                     /home/brok/2017/ucsd/course/218/lab/android-studio/jre/lib/amd64/jli/libjli.so
7fd9eb0a5000-7fd9eb2a4000 ---p 00016000 08:02 286228                     /home/brok/2017/ucsd/course/218/lab/android-studio/jre/lib/amd64/jli/libjli.so
7fd9eb2a4000-7fd9eb2a5000 r--p 00015000 08:02 286228                     /home/brok/2017/ucsd/course/218/lab/android-studio/jre/lib/amd64/jli/libjli.so
7fd9eb2a5000-7fd9eb2a6000 rw-p 00016000 08:02 286228                     /home/brok/2017/ucsd/course/218/lab/android-studio/jre/lib/amd64/jli/libjli.so
7fd9eb2a6000-7fd9eb2c9000 r-xp 00000000 08:02 2622451                    /lib/x86_64-linux-gnu/ld-2.19.so
7fd9eb2d2000-7fd9eb397000 rw-p 00000000 00:00 0 
7fd9eb397000-7fd9eb39a000 ---p 00000000 00:00 0 
7fd9eb39a000-7fd9eb49c000 rw-p 00000000 00:00 0                          [stack:12320]
7fd9eb4a8000-7fd9eb4bc000 rw-p 00000000 00:00 0 
7fd9eb4bc000-7fd9eb4c4000 rw-s 00000000 08:02 1075122                    /tmp/hsperfdata_brok/12316
7fd9eb4c4000-7fd9eb4c5000 rw-p 00000000 00:00 0 
7fd9eb4c5000-7fd9eb4c6000 r--p 00000000 00:00 0 
7fd9eb4c6000-7fd9eb4c8000 rw-p 00000000 00:00 0 
7fd9eb4c8000-7fd9eb4c9000 r--p 00022000 08:02 2622451                    /lib/x86_64-linux-gnu/ld-2.19.so
7fd9eb4c9000-7fd9eb4ca000 rw-p 00023000 08:02 2622451                    /lib/x86_64-linux-gnu/ld-2.19.so
7fd9eb4ca000-7fd9eb4cb000 rw-p 00000000 00:00 0 
7fff37093000-7fff370b4000 rw-p 00000000 00:00 0                          [stack]
7fff371dd000-7fff371df000 r-xp 00000000 00:00 0                          [vdso]
ffffffffff600000-ffffffffff601000 r-xp 00000000 00:00 0                  [vsyscall]

VM Arguments:
jvm_args: -Djava.awt.headless=true -Xmx1024M -Dfile.encoding=UTF-8 -Duser.country=US -Duser.language=en -Duser.variant 
java_command: com.android.dx.command.Main --dex --force-jumbo --num-threads=4 --multi-dex --output /home/brok/2017/ucsd/course/218/lab/Forkhub_cloned/app/build/intermediates/transforms/dex/debug/folders/1000/5/slice_0 /home/brok/2017/ucsd/course/218/lab/Forkhub_cloned/app/build/intermediates/transforms/instantRunSlicer/debug/folders/1/5/slice_0
java_class_path (initial): /home/brok/Android/Sdk/build-tools/23.0.3/lib/dx.jar
Launcher Type: SUN_STANDARD

Environment Variables:
PATH=/opt/ros/indigo/bin:/usr/local/sbin:/usr/local/bin:/usr/sbin:/usr/bin:/sbin:/bin:/usr/games:/usr/local/games:/usr/local/cuda-7.5/bin/:/home/brok/2017/ucsd/course/218/lab/android-studio/bin
USERNAME=brok
LD_LIBRARY_PATH=.:/opt/ros/indigo/lib
SHELL=/bin/bash
DISPLAY=:0.0

Signal Handlers:
SIGSEGV: [libjvm.so+0x9daac0], sa_mask[0]=11111111011111111101111111111110, sa_flags=SA_RESTART|SA_SIGINFO
SIGBUS: [libjvm.so+0x9daac0], sa_mask[0]=11111111011111111101111111111110, sa_flags=SA_RESTART|SA_SIGINFO
SIGFPE: [libjvm.so+0x840d90], sa_mask[0]=11111111011111111101111111111110, sa_flags=SA_RESTART|SA_SIGINFO
SIGPIPE: [libjvm.so+0x840d90], sa_mask[0]=11111111011111111101111111111110, sa_flags=SA_RESTART|SA_SIGINFO
SIGXFSZ: [libjvm.so+0x840d90], sa_mask[0]=11111111011111111101111111111110, sa_flags=SA_RESTART|SA_SIGINFO
SIGILL: [libjvm.so+0x840d90], sa_mask[0]=11111111011111111101111111111110, sa_flags=SA_RESTART|SA_SIGINFO
SIGUSR1: SIG_DFL, sa_mask[0]=00000000000000000000000000000000, sa_flags=none
SIGUSR2: [libjvm.so+0x840c60], sa_mask[0]=00100000000000000000000000000000, sa_flags=SA_RESTART|SA_SIGINFO
SIGHUP: [libjvm.so+0x840e50], sa_mask[0]=11111111011111111101111111111110, sa_flags=SA_RESTART|SA_SIGINFO
SIGINT: [libjvm.so+0x840e50], sa_mask[0]=11111111011111111101111111111110, sa_flags=SA_RESTART|SA_SIGINFO
SIGTERM: [libjvm.so+0x840e50], sa_mask[0]=11111111011111111101111111111110, sa_flags=SA_RESTART|SA_SIGINFO
SIGQUIT: [libjvm.so+0x840e50], sa_mask[0]=11111111011111111101111111111110, sa_flags=SA_RESTART|SA_SIGINFO


---------------  S Y S T E M  ---------------

OS:DISTRIB_ID=LinuxMint
DISTRIB_RELEASE=17.1
DISTRIB_CODENAME=rebecca
DISTRIB_DESCRIPTION="Linux Mint 17.1 Rebecca"

uname:Linux 3.13.0-37-generic #64-Ubuntu SMP Mon Sep 22 21:28:38 UTC 2014 x86_64
libc:glibc 2.19 NPTL 2.19 
rlimit: STACK 8192k, CORE 0k, NPROC 62803, NOFILE 4096, AS infinity
load average:3.04 1.10 0.63

/proc/meminfo:
MemTotal:        8069616 kB
MemFree:          256536 kB
Buffers:          151604 kB
Cached:          3381460 kB
SwapCached:            0 kB
Active:          5069984 kB
Inactive:        2410116 kB
Active(anon):    3955176 kB
Inactive(anon):   367456 kB
Active(file):    1114808 kB
Inactive(file):  2042660 kB
Unevictable:           0 kB
Mlocked:               0 kB
SwapTotal:         97276 kB
SwapFree:          97276 kB
Dirty:             53016 kB
Writeback:             0 kB
AnonPages:       3947084 kB
Mapped:           601456 kB
Shmem:            375772 kB
Slab:             185140 kB
SReclaimable:     147068 kB
SUnreclaim:        38072 kB
KernelStack:        6976 kB
PageTables:        46332 kB
NFS_Unstable:          0 kB
Bounce:                0 kB
WritebackTmp:          0 kB
CommitLimit:     4132084 kB
Committed_AS:    9672552 kB
VmallocTotal:   34359738367 kB
VmallocUsed:      558640 kB
VmallocChunk:   34359145936 kB
HardwareCorrupted:     0 kB
AnonHugePages:   2508800 kB
HugePages_Total:       0
HugePages_Free:        0
HugePages_Rsvd:        0
HugePages_Surp:        0
Hugepagesize:       2048 kB
DirectMap4k:       79616 kB
DirectMap2M:     2959360 kB
DirectMap1G:     5242880 kB


CPU:total 4 (2 cores per cpu, 2 threads per core) family 6 model 60 stepping 3, cmov, cx8, fxsr, mmx, sse, sse2, sse3, ssse3, sse4.1, sse4.2, popcnt, avx, avx2, aes, clmul, erms, lzcnt, ht, tsc, tscinvbit, bmi1, bmi2

/proc/cpuinfo:
processor	: 0
vendor_id	: GenuineIntel
cpu family	: 6
model		: 60
model name	: Intel(R) Core(TM) i5-4210M CPU @ 2.60GHz
stepping	: 3
microcode	: 0x17
cpu MHz		: 2601.000
cache size	: 3072 KB
physical id	: 0
siblings	: 4
core id		: 0
cpu cores	: 2
apicid		: 0
initial apicid	: 0
fpu		: yes
fpu_exception	: yes
cpuid level	: 13
wp		: yes
flags		: fpu vme de pse tsc msr pae mce cx8 apic sep mtrr pge mca cmov pat pse36 clflush dts acpi mmx fxsr sse sse2 ss ht tm pbe syscall nx pdpe1gb rdtscp lm constant_tsc arch_perfmon pebs bts rep_good nopl xtopology nonstop_tsc aperfmperf eagerfpu pni pclmulqdq dtes64 monitor ds_cpl vmx est tm2 ssse3 fma cx16 xtpr pdcm pcid sse4_1 sse4_2 movbe popcnt tsc_deadline_timer aes xsave avx f16c rdrand lahf_lm abm ida arat epb xsaveopt pln pts dtherm tpr_shadow vnmi flexpriority ept vpid fsgsbase tsc_adjust bmi1 avx2 smep bmi2 erms invpcid
bogomips	: 5188.13
clflush size	: 64
cache_alignment	: 64
address sizes	: 39 bits physical, 48 bits virtual
power management:

processor	: 1
vendor_id	: GenuineIntel
cpu family	: 6
model		: 60
model name	: Intel(R) Core(TM) i5-4210M CPU @ 2.60GHz
stepping	: 3
microcode	: 0x17
cpu MHz		: 2601.000
cache size	: 3072 KB
physical id	: 0
siblings	: 4
core id		: 0
cpu cores	: 2
apicid		: 1
initial apicid	: 1
fpu		: yes
fpu_exception	: yes
cpuid level	: 13
wp		: yes
flags		: fpu vme de pse tsc msr pae mce cx8 apic sep mtrr pge mca cmov pat pse36 clflush dts acpi mmx fxsr sse sse2 ss ht tm pbe syscall nx pdpe1gb rdtscp lm constant_tsc arch_perfmon pebs bts rep_good nopl xtopology nonstop_tsc aperfmperf eagerfpu pni pclmulqdq dtes64 monitor ds_cpl vmx est tm2 ssse3 fma cx16 xtpr pdcm pcid sse4_1 sse4_2 movbe popcnt tsc_deadline_timer aes xsave avx f16c rdrand lahf_lm abm ida arat epb xsaveopt pln pts dtherm tpr_shadow vnmi flexpriority ept vpid fsgsbase tsc_adjust bmi1 avx2 smep bmi2 erms invpcid
bogomips	: 5188.13
clflush size	: 64
cache_alignment	: 64
address sizes	: 39 bits physical, 48 bits virtual
power management:

processor	: 2
vendor_id	: GenuineIntel
cpu family	: 6
model		: 60
model name	: Intel(R) Core(TM) i5-4210M CPU @ 2.60GHz
stepping	: 3
microcode	: 0x17
cpu MHz		: 2601.000
cache size	: 3072 KB
physical id	: 0
siblings	: 4
core id		: 1
cpu cores	: 2
apicid		: 2
initial apicid	: 2
fpu		: yes
fpu_exception	: yes
cpuid level	: 13
wp		: yes
flags		: fpu vme de pse tsc msr pae mce cx8 apic sep mtrr pge mca cmov pat pse36 clflush dts acpi mmx fxsr sse sse2 ss ht tm pbe syscall nx pdpe1gb rdtscp lm constant_tsc arch_perfmon pebs bts rep_good nopl xtopology nonstop_tsc aperfmperf eagerfpu pni pclmulqdq dtes64 monitor ds_cpl vmx est tm2 ssse3 fma cx16 xtpr pdcm pcid sse4_1 sse4_2 movbe popcnt tsc_deadline_timer aes xsave avx f16c rdrand lahf_lm abm ida arat epb xsaveopt pln pts dtherm tpr_shadow vnmi flexpriority ept vpid fsgsbase tsc_adjust bmi1 avx2 smep bmi2 erms invpcid
bogomips	: 5188.13
clflush size	: 64
cache_alignment	: 64
address sizes	: 39 bits physical, 48 bits virtual
power management:

processor	: 3
vendor_id	: GenuineIntel
cpu family	: 6
model		: 60
model name	: Intel(R) Core(TM) i5-4210M CPU @ 2.60GHz
stepping	: 3
microcode	: 0x17
cpu MHz		: 2601.000
cache size	: 3072 KB
physical id	: 0
siblings	: 4
core id		: 1
cpu cores	: 2
apicid		: 3
initial apicid	: 3
fpu		: yes
fpu_exception	: yes
cpuid level	: 13
wp		: yes
flags		: fpu vme de pse tsc msr pae mce cx8 apic sep mtrr pge mca cmov pat pse36 clflush dts acpi mmx fxsr sse sse2 ss ht tm pbe syscall nx pdpe1gb rdtscp lm constant_tsc arch_perfmon pebs bts rep_good nopl xtopology nonstop_tsc aperfmperf eagerfpu pni pclmulqdq dtes64 monitor ds_cpl vmx est tm2 ssse3 fma cx16 xtpr pdcm pcid sse4_1 sse4_2 movbe popcnt tsc_deadline_timer aes xsave avx f16c rdrand lahf_lm abm ida arat epb xsaveopt pln pts dtherm tpr_shadow vnmi flexpriority ept vpid fsgsbase tsc_adjust bmi1 avx2 smep bmi2 erms invpcid
bogomips	: 5188.13
clflush size	: 64
cache_alignment	: 64
address sizes	: 39 bits physical, 48 bits virtual
power management:



Memory: 4k page, physical 8069616k(256536k free), swap 97276k(97276k free)

vm_info: OpenJDK 64-Bit Server VM (25.76-b03) for linux-amd64 JRE (1.8.0_76-release-b03), built on Jun 29 2016 09:39:19 by "builder" with gcc 4.8.4

time: Mon Jan 16 15:35:49 2017
elapsed time: 1 seconds (0d 0h 0m 1s)

