#
# A fatal error has been detected by the Java Runtime Environment:
#
#  Internal Error (relocInfo_x86.cpp:101), pid=12280, tid=0x00007f127c654700
#  Error: ShouldNotReachHere()
#
# JRE version: OpenJDK Runtime Environment (8.0_76-b03) (build 1.8.0_76-release-b03)
# Java VM: OpenJDK 64-Bit Server VM (25.76-b03 mixed mode linux-amd64 compressed oops)
# Failed to write core dump. Core dumps have been disabled. To enable core dumping, try "ulimit -c unlimited" before starting Java again
#
# If you would like to submit a bug report, please visit:
#   http://bugreport.java.com/bugreport/crash.jsp
#

---------------  T H R E A D  ---------------

Current thread (0x00007f12940bd000):  JavaThread "C1 CompilerThread2" daemon [_thread_in_vm, id=12301, stack(0x00007f127c554000,0x00007f127c655000)]

Stack: [0x00007f127c554000,0x00007f127c655000],  sp=0x00007f127c652db0,  free space=1019k
Native frames: (J=compiled Java code, j=interpreted, Vv=VM code, C=native code)
V  [libjvm.so+0x9d9fcd]  VMError::report_and_die()+0x15d
V  [libjvm.so+0x4b4e4f]  report_should_not_reach_here(char const*, int)+0x4f
V  [libjvm.so+0x8cba76]  Relocation::pd_call_destination(unsigned char*)+0x66
V  [libjvm.so+0x8c8eff]  CallRelocation::fix_relocation_after_move(CodeBuffer const*, CodeBuffer*)+0x4f
V  [libjvm.so+0x4410b6]  CodeBuffer::relocate_code_to(CodeBuffer*) const+0x1e6
V  [libjvm.so+0x44203f]  CodeBuffer::copy_code_to(CodeBlob*)+0x36f
V  [libjvm.so+0x43ce72]  CodeBlob::CodeBlob(char const*, CodeBuffer*, int, int, int, int, OopMapSet*)+0xb2
V  [libjvm.so+0x815a25]  nmethod::nmethod(Method*, int, int, int, CodeOffsets*, int, DebugInformationRecorder*, Dependencies*, CodeBuffer*, int, OopMapSet*, ExceptionHandlerTable*, ImplicitExceptionTable*, AbstractCompiler*, int)+0x55
V  [libjvm.so+0x8162aa]  nmethod::new_nmethod(methodHandle, int, int, CodeOffsets*, int, DebugInformationRecorder*, Dependencies*, CodeBuffer*, int, OopMapSet*, ExceptionHandlerTable*, ImplicitExceptionTable*, AbstractCompiler*, int)+0x1ca
V  [libjvm.so+0x3e5ff9]  ciEnv::register_method(ciMethod*, int, CodeOffsets*, int, CodeBuffer*, int, OopMapSet*, ExceptionHandlerTable*, ImplicitExceptionTable*, AbstractCompiler*, int, bool, bool, RTMState)+0x3b9
V  [libjvm.so+0x331099]  Compilation::compile_method()+0x1e9
V  [libjvm.so+0x3313e3]  Compilation::Compilation(AbstractCompiler*, ciEnv*, ciMethod*, int, BufferBlob*)+0x243
V  [libjvm.so+0x3320f8]  Compiler::compile_method(ciEnv*, ciMethod*, int)+0xa8
V  [libjvm.so+0x46d832]  CompileBroker::invoke_compiler_on_method(CompileTask*)+0x8b2
V  [libjvm.so+0x46e6e8]  CompileBroker::compiler_thread_loop()+0x4e8
V  [libjvm.so+0x986ec0]  JavaThread::thread_main_inner()+0xf0
V  [libjvm.so+0x8425b2]  java_start(Thread*)+0xf2
C  [libpthread.so.0+0x8182]  start_thread+0xc2


Current CompileTask:
C1:   1567  406       3       com.android.dx.ssa.SsaMethod::getDefinitionForRegister (61 bytes)


---------------  P R O C E S S  ---------------

Java Threads: ( => current thread )
  0x00007f1294139800 JavaThread "pool-2-thread-4" [_thread_in_Java, id=12308, stack(0x00007f123fdfe000,0x00007f123feff000)]
  0x00007f1294135800 JavaThread "pool-2-thread-3" [_thread_blocked, id=12307, stack(0x00007f123feff000,0x00007f1240000000)]
  0x00007f1294132000 JavaThread "pool-2-thread-2" [_thread_in_Java, id=12306, stack(0x00007f127c04f000,0x00007f127c150000)]
  0x00007f1294131000 JavaThread "pool-3-thread-1" [_thread_blocked, id=12305, stack(0x00007f127c150000,0x00007f127c251000)]
  0x00007f129412f000 JavaThread "pool-2-thread-1" [_thread_blocked, id=12304, stack(0x00007f127c251000,0x00007f127c352000)]
  0x00007f12940c0000 JavaThread "Service Thread" daemon [_thread_blocked, id=12302, stack(0x00007f127c453000,0x00007f127c554000)]
=>0x00007f12940bd000 JavaThread "C1 CompilerThread2" daemon [_thread_in_vm, id=12301, stack(0x00007f127c554000,0x00007f127c655000)]
  0x00007f12940bb800 JavaThread "C2 CompilerThread1" daemon [_thread_blocked, id=12300, stack(0x00007f127c655000,0x00007f127c756000)]
  0x00007f12940b8800 JavaThread "C2 CompilerThread0" daemon [_thread_blocked, id=12299, stack(0x00007f127c756000,0x00007f127c857000)]
  0x00007f12940b7000 JavaThread "Signal Dispatcher" daemon [_thread_blocked, id=12298, stack(0x00007f127c857000,0x00007f127c958000)]
  0x00007f1294084000 JavaThread "Finalizer" daemon [_thread_blocked, id=12293, stack(0x00007f127cc21000,0x00007f127cd22000)]
  0x00007f129407f800 JavaThread "Reference Handler" daemon [_thread_blocked, id=12291, stack(0x00007f127cd22000,0x00007f127ce23000)]
  0x00007f129400a800 JavaThread "main" [_thread_blocked, id=12282, stack(0x00007f129b44f000,0x00007f129b550000)]

Other Threads:
  0x00007f1294078000 VMThread [stack: 0x00007f127ce23000,0x00007f127cf24000] [id=12290]
  0x00007f12940c2800 WatcherThread [stack: 0x00007f127c352000,0x00007f127c453000] [id=12303]

VM state:not at safepoint (normal execution)

VM Mutex/Monitor currently owned by a thread:  ([mutex/lock_event])
[0x00007f1294005cf0] CodeCache_lock - owner thread: 0x00007f12940bd000
[0x00007f1294007370] Compile_lock - owner thread: 0x00007f12940bd000
[0x00007f1294007470] MethodCompileQueue_lock - owner thread: 0x00007f12940bd000

Heap:
 PSYoungGen      total 36864K, used 12078K [0x00000000eab00000, 0x00000000ed400000, 0x0000000100000000)
  eden space 31744K, 38% used [0x00000000eab00000,0x00000000eb6cbb18,0x00000000eca00000)
  from space 5120K, 0% used [0x00000000ecf00000,0x00000000ecf00000,0x00000000ed400000)
  to   space 5120K, 0% used [0x00000000eca00000,0x00000000eca00000,0x00000000ecf00000)
 ParOldGen       total 84992K, used 0K [0x00000000c0000000, 0x00000000c5300000, 0x00000000eab00000)
  object space 84992K, 0% used [0x00000000c0000000,0x00000000c0000000,0x00000000c5300000)
 Metaspace       used 5324K, capacity 6448K, committed 6528K, reserved 1056768K
  class space    used 565K, capacity 616K, committed 640K, reserved 1048576K

Card table byte_map: [0x00007f1298108000,0x00007f1298309000] byte_map_base: 0x00007f1297b08000

Marking Bits: (ParMarkBitMap*) 0x00007f129a9331a0
 Begin Bits: [0x00007f127e000000, 0x00007f127f000000)
 End Bits:   [0x00007f127f000000, 0x00007f1280000000)

Polling page: 0x00007f129b57d000

CodeCache: size=245760Kb used=1858Kb max_used=1858Kb free=243901Kb
 bounds [0x00007f1285000000, 0x00007f1285270000, 0x00007f1294000000]
 total_blobs=649 nmethods=381 adapters=182
 compilation: enabled

Compilation events (10 events):
Event: 1.561 Thread 0x00007f12940bd000 nmethod 398 0x00007f12851cb950 code [0x00007f12851cbaa0, 0x00007f12851cbbf0]
Event: 1.561 Thread 0x00007f12940bd000  379       3       com.android.dx.rop.code.RegisterSpecList::get (9 bytes)
Event: 1.561 Thread 0x00007f12940bd000 nmethod 379 0x00007f12851cecd0 code [0x00007f12851cee40, 0x00007f12851cf128]
Event: 1.561 Thread 0x00007f12940bd000  350       3       com.android.dx.ssa.SsaBasicBlock::isReachable (29 bytes)
Event: 1.562 Thread 0x00007f12940bd000 nmethod 350 0x00007f12851d0110 code [0x00007f12851d0280, 0x00007f12851d0548]
Event: 1.562 Thread 0x00007f12940bd000  404       3       com.android.dx.util.BitIntSet::ensureCapacity (51 bytes)
Event: 1.563 Thread 0x00007f12940bd000 nmethod 404 0x00007f12851d0610 code [0x00007f12851d07a0, 0x00007f12851d0c48]
Event: 1.563 Thread 0x00007f12940bd000  401       3       com.android.dx.util.Bits::getMax (6 bytes)
Event: 1.563 Thread 0x00007f12940bd000 nmethod 401 0x00007f12851ce8d0 code [0x00007f12851cea20, 0x00007f12851ceb50]
Event: 1.563 Thread 0x00007f12940bd000  406       3       com.android.dx.ssa.SsaMethod::getDefinitionForRegister (61 bytes)

GC Heap History (0 events):
No events

Deoptimization events (1 events):
Event: 1.207 Thread 0x00007f129400a800 Uncommon trap: reason=unstable_if action=reinterpret pc=0x00007f1285145e84 method=java.lang.String.indexOf(II)I @ 49

Internal exceptions (2 events):
Event: 0.226 Thread 0x00007f129400a800 Exception <a 'java/lang/NoSuchMethodError': Method sun.misc.Unsafe.defineClass(Ljava/lang/String;[BII)Ljava/lang/Class; name or signature does not match> (0x00000000eab07cc0) thrown at [/ssd/Android/AOSP-openjdk/external/jetbrains/jdk/hotspot/src/share/vm
Event: 0.226 Thread 0x00007f129400a800 Exception <a 'java/lang/NoSuchMethodError': Method sun.misc.Unsafe.prefetchRead(Ljava/lang/Object;J)V name or signature does not match> (0x00000000eab07fa8) thrown at [/ssd/Android/AOSP-openjdk/external/jetbrains/jdk/hotspot/src/share/vm/prims/jni.cpp, li

Events (10 events):
Event: 1.459 loading class com/android/dx/dex/file/DebugInfoItem
Event: 1.459 loading class com/android/dx/dex/file/DebugInfoItem done
Event: 1.459 loading class com/android/dx/dex/file/MethodIdItem
Event: 1.459 loading class com/android/dx/dex/file/MethodIdItem done
Event: 1.475 loading class com/android/dx/cf/code/BytecodeArray$ConstantParserVisitor
Event: 1.475 loading class com/android/dx/cf/code/BytecodeArray$ConstantParserVisitor done
Event: 1.485 loading class com/android/dx/ssa/PhiInsn$Operand
Event: 1.485 loading class com/android/dx/ssa/PhiInsn$Operand done
Event: 1.493 loading class com/android/dx/ssa/back/FirstFitLocalCombiningAllocator$Multiset
Event: 1.493 loading class com/android/dx/ssa/back/FirstFitLocalCombiningAllocator$Multiset done


Dynamic libraries:
00400000-00401000 r-xp 00000000 08:02 286254                             /home/brok/2017/ucsd/course/218/lab/android-studio/jre/bin/java
00600000-00601000 r--p 00000000 08:02 286254                             /home/brok/2017/ucsd/course/218/lab/android-studio/jre/bin/java
00601000-00602000 rw-p 00001000 08:02 286254                             /home/brok/2017/ucsd/course/218/lab/android-studio/jre/bin/java
01bf3000-01c14000 rw-p 00000000 00:00 0                                  [heap]
c0000000-c5300000 rw-p 00000000 00:00 0 
c5300000-eab00000 ---p 00000000 00:00 0 
eab00000-ed400000 rw-p 00000000 00:00 0 
ed400000-100000000 ---p 00000000 00:00 0 
100000000-1000a0000 rw-p 00000000 00:00 0 
1000a0000-140000000 ---p 00000000 00:00 0 
7f1230000000-7f1230021000 rw-p 00000000 00:00 0 
7f1230021000-7f1234000000 ---p 00000000 00:00 0 
7f1238000000-7f1238021000 rw-p 00000000 00:00 0 
7f1238021000-7f123c000000 ---p 00000000 00:00 0 
7f123fdfe000-7f123fe01000 ---p 00000000 00:00 0 
7f123fe01000-7f123feff000 rw-p 00000000 00:00 0                          [stack:12308]
7f123feff000-7f123ff02000 ---p 00000000 00:00 0 
7f123ff02000-7f1240000000 rw-p 00000000 00:00 0                          [stack:12307]
7f1240000000-7f1240021000 rw-p 00000000 00:00 0 
7f1240021000-7f1244000000 ---p 00000000 00:00 0 
7f1244000000-7f124402a000 rw-p 00000000 00:00 0 
7f124402a000-7f1248000000 ---p 00000000 00:00 0 
7f1248000000-7f1248021000 rw-p 00000000 00:00 0 
7f1248021000-7f124c000000 ---p 00000000 00:00 0 
7f124c000000-7f124c026000 rw-p 00000000 00:00 0 
7f124c026000-7f1250000000 ---p 00000000 00:00 0 
7f1250000000-7f1250449000 rw-p 00000000 00:00 0 
7f1250449000-7f1254000000 ---p 00000000 00:00 0 
7f1254000000-7f1254021000 rw-p 00000000 00:00 0 
7f1254021000-7f1258000000 ---p 00000000 00:00 0 
7f1258000000-7f125808d000 rw-p 00000000 00:00 0 
7f125808d000-7f125c000000 ---p 00000000 00:00 0 
7f125c000000-7f125c04b000 rw-p 00000000 00:00 0 
7f125c04b000-7f1260000000 ---p 00000000 00:00 0 
7f1260000000-7f1260021000 rw-p 00000000 00:00 0 
7f1260021000-7f1264000000 ---p 00000000 00:00 0 
7f1264000000-7f1264021000 rw-p 00000000 00:00 0 
7f1264021000-7f1268000000 ---p 00000000 00:00 0 
7f1268000000-7f1268021000 rw-p 00000000 00:00 0 
7f1268021000-7f126c000000 ---p 00000000 00:00 0 
7f126c000000-7f126c021000 rw-p 00000000 00:00 0 
7f126c021000-7f1270000000 ---p 00000000 00:00 0 
7f1270000000-7f1270021000 rw-p 00000000 00:00 0 
7f1270021000-7f1274000000 ---p 00000000 00:00 0 
7f1274000000-7f1274021000 rw-p 00000000 00:00 0 
7f1274021000-7f1278000000 ---p 00000000 00:00 0 
7f1278000000-7f1278021000 rw-p 00000000 00:00 0 
7f1278021000-7f127c000000 ---p 00000000 00:00 0 
7f127c04f000-7f127c052000 ---p 00000000 00:00 0 
7f127c052000-7f127c150000 rw-p 00000000 00:00 0                          [stack:12306]
7f127c150000-7f127c153000 ---p 00000000 00:00 0 
7f127c153000-7f127c251000 rw-p 00000000 00:00 0                          [stack:12305]
7f127c251000-7f127c254000 ---p 00000000 00:00 0 
7f127c254000-7f127c352000 rw-p 00000000 00:00 0                          [stack:12304]
7f127c352000-7f127c353000 ---p 00000000 00:00 0 
7f127c353000-7f127c453000 rw-p 00000000 00:00 0                          [stack:12303]
7f127c453000-7f127c456000 ---p 00000000 00:00 0 
7f127c456000-7f127c554000 rw-p 00000000 00:00 0                          [stack:12302]
7f127c554000-7f127c557000 ---p 00000000 00:00 0 
7f127c557000-7f127c655000 rw-p 00000000 00:00 0                          [stack:12301]
7f127c655000-7f127c658000 ---p 00000000 00:00 0 
7f127c658000-7f127c756000 rw-p 00000000 00:00 0                          [stack:12300]
7f127c756000-7f127c759000 ---p 00000000 00:00 0 
7f127c759000-7f127c857000 rw-p 00000000 00:00 0                          [stack:12299]
7f127c857000-7f127c85a000 ---p 00000000 00:00 0 
7f127c85a000-7f127c958000 rw-p 00000000 00:00 0                          [stack:12298]
7f127c958000-7f127cc21000 r--p 00000000 08:02 2893511                    /usr/lib/locale/locale-archive
7f127cc21000-7f127cc24000 ---p 00000000 00:00 0 
7f127cc24000-7f127cd22000 rw-p 00000000 00:00 0                          [stack:12293]
7f127cd22000-7f127cd25000 ---p 00000000 00:00 0 
7f127cd25000-7f127ce23000 rw-p 00000000 00:00 0                          [stack:12291]
7f127ce23000-7f127ce24000 ---p 00000000 00:00 0 
7f127ce24000-7f127de33000 rw-p 00000000 00:00 0                          [stack:12290]
7f127de33000-7f127e000000 r--s 03bec000 08:02 286314                     /home/brok/2017/ucsd/course/218/lab/android-studio/jre/jre/lib/rt.jar
7f127e000000-7f1280000000 rw-p 00000000 00:00 0 
7f1280000000-7f1280021000 rw-p 00000000 00:00 0 
7f1280021000-7f1284000000 ---p 00000000 00:00 0 
7f1284072000-7f1284081000 r--s 000df000 08:02 1074472                    /home/brok/Android/Sdk/build-tools/23.0.3/lib/dx.jar
7f1284081000-7f1284767000 rw-p 00000000 00:00 0 
7f1284767000-7f12849a7000 ---p 00000000 00:00 0 
7f12849a7000-7f1284ba7000 rw-p 00000000 00:00 0 
7f1284ba7000-7f1284ba8000 ---p 00000000 00:00 0 
7f1284ba8000-7f1284ca8000 rw-p 00000000 00:00 0                          [stack:12288]
7f1284ca8000-7f1284ca9000 ---p 00000000 00:00 0 
7f1284ca9000-7f1284da9000 rw-p 00000000 00:00 0                          [stack:12287]
7f1284da9000-7f1284daa000 ---p 00000000 00:00 0 
7f1284daa000-7f1284ed4000 rw-p 00000000 00:00 0                          [stack:12286]
7f1284ed4000-7f1285000000 ---p 00000000 00:00 0 
7f1285000000-7f1285270000 rwxp 00000000 00:00 0 
7f1285270000-7f1294000000 ---p 00000000 00:00 0 
7f1294000000-7f129437e000 rw-p 00000000 00:00 0 
7f129437e000-7f1298000000 ---p 00000000 00:00 0 
7f1298007000-7f1298008000 ---p 00000000 00:00 0 
7f1298008000-7f1298132000 rw-p 00000000 00:00 0                          [stack:12283]
7f1298132000-7f129825d000 ---p 00000000 00:00 0 
7f129825d000-7f1298272000 rw-p 00000000 00:00 0 
7f1298272000-7f1298308000 ---p 00000000 00:00 0 
7f1298308000-7f1298313000 rw-p 00000000 00:00 0 
7f1298313000-7f12986c9000 ---p 00000000 00:00 0 
7f12986c9000-7f12986e3000 r-xp 00000000 08:02 286339                     /home/brok/2017/ucsd/course/218/lab/android-studio/jre/jre/lib/amd64/libzip.so
7f12986e3000-7f12988e3000 ---p 0001a000 08:02 286339                     /home/brok/2017/ucsd/course/218/lab/android-studio/jre/jre/lib/amd64/libzip.so
7f12988e3000-7f12988e4000 r--p 0001a000 08:02 286339                     /home/brok/2017/ucsd/course/218/lab/android-studio/jre/jre/lib/amd64/libzip.so
7f12988e4000-7f12988e5000 rw-p 0001b000 08:02 286339                     /home/brok/2017/ucsd/course/218/lab/android-studio/jre/jre/lib/amd64/libzip.so
7f12988e5000-7f12988f0000 r-xp 00000000 08:02 2622492                    /lib/x86_64-linux-gnu/libnss_files-2.19.so
7f12988f0000-7f1298aef000 ---p 0000b000 08:02 2622492                    /lib/x86_64-linux-gnu/libnss_files-2.19.so
7f1298aef000-7f1298af0000 r--p 0000a000 08:02 2622492                    /lib/x86_64-linux-gnu/libnss_files-2.19.so
7f1298af0000-7f1298af1000 rw-p 0000b000 08:02 2622492                    /lib/x86_64-linux-gnu/libnss_files-2.19.so
7f1298af1000-7f1298afc000 r-xp 00000000 08:02 2622455                    /lib/x86_64-linux-gnu/libnss_nis-2.19.so
7f1298afc000-7f1298cfb000 ---p 0000b000 08:02 2622455                    /lib/x86_64-linux-gnu/libnss_nis-2.19.so
7f1298cfb000-7f1298cfc000 r--p 0000a000 08:02 2622455                    /lib/x86_64-linux-gnu/libnss_nis-2.19.so
7f1298cfc000-7f1298cfd000 rw-p 0000b000 08:02 2622455                    /lib/x86_64-linux-gnu/libnss_nis-2.19.so
7f1298cfd000-7f1298d14000 r-xp 00000000 08:02 2622445                    /lib/x86_64-linux-gnu/libnsl-2.19.so
7f1298d14000-7f1298f13000 ---p 00017000 08:02 2622445                    /lib/x86_64-linux-gnu/libnsl-2.19.so
7f1298f13000-7f1298f14000 r--p 00016000 08:02 2622445                    /lib/x86_64-linux-gnu/libnsl-2.19.so
7f1298f14000-7f1298f15000 rw-p 00017000 08:02 2622445                    /lib/x86_64-linux-gnu/libnsl-2.19.so
7f1298f15000-7f1298f17000 rw-p 00000000 00:00 0 
7f1298f17000-7f1298f20000 r-xp 00000000 08:02 2622439                    /lib/x86_64-linux-gnu/libnss_compat-2.19.so
7f1298f20000-7f129911f000 ---p 00009000 08:02 2622439                    /lib/x86_64-linux-gnu/libnss_compat-2.19.so
7f129911f000-7f1299120000 r--p 00008000 08:02 2622439                    /lib/x86_64-linux-gnu/libnss_compat-2.19.so
7f1299120000-7f1299121000 rw-p 00009000 08:02 2622439                    /lib/x86_64-linux-gnu/libnss_compat-2.19.so
7f1299121000-7f129914e000 r-xp 00000000 08:02 286349                     /home/brok/2017/ucsd/course/218/lab/android-studio/jre/jre/lib/amd64/libjava.so
7f129914e000-7f129934d000 ---p 0002d000 08:02 286349                     /home/brok/2017/ucsd/course/218/lab/android-studio/jre/jre/lib/amd64/libjava.so
7f129934d000-7f129934e000 r--p 0002c000 08:02 286349                     /home/brok/2017/ucsd/course/218/lab/android-studio/jre/jre/lib/amd64/libjava.so
7f129934e000-7f1299350000 rw-p 0002d000 08:02 286349                     /home/brok/2017/ucsd/course/218/lab/android-studio/jre/jre/lib/amd64/libjava.so
7f1299350000-7f1299360000 r-xp 00000000 08:02 286365                     /home/brok/2017/ucsd/course/218/lab/android-studio/jre/jre/lib/amd64/libverify.so
7f1299360000-7f129955f000 ---p 00010000 08:02 286365                     /home/brok/2017/ucsd/course/218/lab/android-studio/jre/jre/lib/amd64/libverify.so
7f129955f000-7f1299561000 r--p 0000f000 08:02 286365                     /home/brok/2017/ucsd/course/218/lab/android-studio/jre/jre/lib/amd64/libverify.so
7f1299561000-7f1299562000 rw-p 00011000 08:02 286365                     /home/brok/2017/ucsd/course/218/lab/android-studio/jre/jre/lib/amd64/libverify.so
7f1299562000-7f1299569000 r-xp 00000000 08:02 2622480                    /lib/x86_64-linux-gnu/librt-2.19.so
7f1299569000-7f1299768000 ---p 00007000 08:02 2622480                    /lib/x86_64-linux-gnu/librt-2.19.so
7f1299768000-7f1299769000 r--p 00006000 08:02 2622480                    /lib/x86_64-linux-gnu/librt-2.19.so
7f1299769000-7f129976a000 rw-p 00007000 08:02 2622480                    /lib/x86_64-linux-gnu/librt-2.19.so
7f129976a000-7f129986f000 r-xp 00000000 08:02 2622430                    /lib/x86_64-linux-gnu/libm-2.19.so
7f129986f000-7f1299a6e000 ---p 00105000 08:02 2622430                    /lib/x86_64-linux-gnu/libm-2.19.so
7f1299a6e000-7f1299a6f000 r--p 00104000 08:02 2622430                    /lib/x86_64-linux-gnu/libm-2.19.so
7f1299a6f000-7f1299a70000 rw-p 00105000 08:02 2622430                    /lib/x86_64-linux-gnu/libm-2.19.so
7f1299a70000-7f129a656000 r-xp 00000000 08:02 286368                     /home/brok/2017/ucsd/course/218/lab/android-studio/jre/jre/lib/amd64/server/libjvm.so
7f129a656000-7f129a856000 ---p 00be6000 08:02 286368                     /home/brok/2017/ucsd/course/218/lab/android-studio/jre/jre/lib/amd64/server/libjvm.so
7f129a856000-7f129a8f5000 r--p 00be6000 08:02 286368                     /home/brok/2017/ucsd/course/218/lab/android-studio/jre/jre/lib/amd64/server/libjvm.so
7f129a8f5000-7f129a91e000 rw-p 00c85000 08:02 286368                     /home/brok/2017/ucsd/course/218/lab/android-studio/jre/jre/lib/amd64/server/libjvm.so
7f129a91e000-7f129a960000 rw-p 00000000 00:00 0 
7f129a960000-7f129a979000 r-xp 00000000 08:02 2622446                    /lib/x86_64-linux-gnu/libpthread-2.19.so
7f129a979000-7f129ab78000 ---p 00019000 08:02 2622446                    /lib/x86_64-linux-gnu/libpthread-2.19.so
7f129ab78000-7f129ab79000 r--p 00018000 08:02 2622446                    /lib/x86_64-linux-gnu/libpthread-2.19.so
7f129ab79000-7f129ab7a000 rw-p 00019000 08:02 2622446                    /lib/x86_64-linux-gnu/libpthread-2.19.so
7f129ab7a000-7f129ab7e000 rw-p 00000000 00:00 0 
7f129ab7e000-7f129ab81000 r-xp 00000000 08:02 2622432                    /lib/x86_64-linux-gnu/libdl-2.19.so
7f129ab81000-7f129ad80000 ---p 00003000 08:02 2622432                    /lib/x86_64-linux-gnu/libdl-2.19.so
7f129ad80000-7f129ad81000 r--p 00002000 08:02 2622432                    /lib/x86_64-linux-gnu/libdl-2.19.so
7f129ad81000-7f129ad82000 rw-p 00003000 08:02 2622432                    /lib/x86_64-linux-gnu/libdl-2.19.so
7f129ad82000-7f129af3d000 r-xp 00000000 08:02 2622481                    /lib/x86_64-linux-gnu/libc-2.19.so
7f129af3d000-7f129b13c000 ---p 001bb000 08:02 2622481                    /lib/x86_64-linux-gnu/libc-2.19.so
7f129b13c000-7f129b140000 r--p 001ba000 08:02 2622481                    /lib/x86_64-linux-gnu/libc-2.19.so
7f129b140000-7f129b142000 rw-p 001be000 08:02 2622481                    /lib/x86_64-linux-gnu/libc-2.19.so
7f129b142000-7f129b147000 rw-p 00000000 00:00 0 
7f129b147000-7f129b15d000 r-xp 00000000 08:02 286228                     /home/brok/2017/ucsd/course/218/lab/android-studio/jre/lib/amd64/jli/libjli.so
7f129b15d000-7f129b35c000 ---p 00016000 08:02 286228                     /home/brok/2017/ucsd/course/218/lab/android-studio/jre/lib/amd64/jli/libjli.so
7f129b35c000-7f129b35d000 r--p 00015000 08:02 286228                     /home/brok/2017/ucsd/course/218/lab/android-studio/jre/lib/amd64/jli/libjli.so
7f129b35d000-7f129b35e000 rw-p 00016000 08:02 286228                     /home/brok/2017/ucsd/course/218/lab/android-studio/jre/lib/amd64/jli/libjli.so
7f129b35e000-7f129b381000 r-xp 00000000 08:02 2622451                    /lib/x86_64-linux-gnu/ld-2.19.so
7f129b38a000-7f129b44f000 rw-p 00000000 00:00 0 
7f129b44f000-7f129b452000 ---p 00000000 00:00 0 
7f129b452000-7f129b554000 rw-p 00000000 00:00 0                          [stack:12282]
7f129b55d000-7f129b55f000 rw-p 00000000 00:00 0 
7f129b55f000-7f129b560000 r--s 00009000 08:02 1722716                    /home/brok/2017/ucsd/course/218/lab/Forkhub_cloned/app/build/intermediates/exploded-aar/com.android.support/support-vector-drawable/23.4.0/jars/classes.jar
7f129b560000-7f129b574000 rw-p 00000000 00:00 0 
7f129b574000-7f129b57c000 rw-s 00000000 08:02 1075122                    /tmp/hsperfdata_brok/12280
7f129b57c000-7f129b57d000 rw-p 00000000 00:00 0 
7f129b57d000-7f129b57e000 r--p 00000000 00:00 0 
7f129b57e000-7f129b580000 rw-p 00000000 00:00 0 
7f129b580000-7f129b581000 r--p 00022000 08:02 2622451                    /lib/x86_64-linux-gnu/ld-2.19.so
7f129b581000-7f129b582000 rw-p 00023000 08:02 2622451                    /lib/x86_64-linux-gnu/ld-2.19.so
7f129b582000-7f129b583000 rw-p 00000000 00:00 0 
7fffad4aa000-7fffad4cc000 rw-p 00000000 00:00 0                          [stack]
7fffad5b4000-7fffad5b6000 r-xp 00000000 00:00 0                          [vdso]
ffffffffff600000-ffffffffff601000 r-xp 00000000 00:00 0                  [vsyscall]

VM Arguments:
jvm_args: -Djava.awt.headless=true -Xmx1024M -Dfile.encoding=UTF-8 -Duser.country=US -Duser.language=en -Duser.variant 
java_command: com.android.dx.command.Main --dex --force-jumbo --num-threads=4 --multi-dex --output /home/brok/2017/ucsd/course/218/lab/Forkhub_cloned/app/build/intermediates/transforms/dex/debug/folders/1000/10/com.android.support-support-vector-drawable-23.4.0_83a9a15e61b48a84cda099615aa30296a7a7a672 /home/brok/2017/ucsd/course/218/lab/Forkhub_cloned/app/build/intermediates/exploded-aar/com.android.support/support-vector-drawable/23.4.0/jars/classes.jar
java_class_path (initial): /home/brok/Android/Sdk/build-tools/23.0.3/lib/dx.jar
Launcher Type: SUN_STANDARD

Environment Variables:
PATH=/opt/ros/indigo/bin:/usr/local/sbin:/usr/local/bin:/usr/sbin:/usr/bin:/sbin:/bin:/usr/games:/usr/local/games:/usr/local/cuda-7.5/bin/:/home/brok/2017/ucsd/course/218/lab/android-studio/bin
USERNAME=brok
LD_LIBRARY_PATH=.:/opt/ros/indigo/lib
SHELL=/bin/bash
DISPLAY=:0.0

Signal Handlers:
SIGSEGV: [libjvm.so+0x9daac0], sa_mask[0]=11111111011111111101111111111110, sa_flags=SA_RESTART|SA_SIGINFO
SIGBUS: [libjvm.so+0x9daac0], sa_mask[0]=11111111011111111101111111111110, sa_flags=SA_RESTART|SA_SIGINFO
SIGFPE: [libjvm.so+0x840d90], sa_mask[0]=11111111011111111101111111111110, sa_flags=SA_RESTART|SA_SIGINFO
SIGPIPE: [libjvm.so+0x840d90], sa_mask[0]=11111111011111111101111111111110, sa_flags=SA_RESTART|SA_SIGINFO
SIGXFSZ: [libjvm.so+0x840d90], sa_mask[0]=11111111011111111101111111111110, sa_flags=SA_RESTART|SA_SIGINFO
SIGILL: [libjvm.so+0x840d90], sa_mask[0]=11111111011111111101111111111110, sa_flags=SA_RESTART|SA_SIGINFO
SIGUSR1: SIG_DFL, sa_mask[0]=00000000000000000000000000000000, sa_flags=none
SIGUSR2: [libjvm.so+0x840c60], sa_mask[0]=00100000000000000000000000000000, sa_flags=SA_RESTART|SA_SIGINFO
SIGHUP: [libjvm.so+0x840e50], sa_mask[0]=11111111011111111101111111111110, sa_flags=SA_RESTART|SA_SIGINFO
SIGINT: [libjvm.so+0x840e50], sa_mask[0]=11111111011111111101111111111110, sa_flags=SA_RESTART|SA_SIGINFO
SIGTERM: [libjvm.so+0x840e50], sa_mask[0]=11111111011111111101111111111110, sa_flags=SA_RESTART|SA_SIGINFO
SIGQUIT: [libjvm.so+0x840e50], sa_mask[0]=11111111011111111101111111111110, sa_flags=SA_RESTART|SA_SIGINFO


---------------  S Y S T E M  ---------------

OS:DISTRIB_ID=LinuxMint
DISTRIB_RELEASE=17.1
DISTRIB_CODENAME=rebecca
DISTRIB_DESCRIPTION="Linux Mint 17.1 Rebecca"

uname:Linux 3.13.0-37-generic #64-Ubuntu SMP Mon Sep 22 21:28:38 UTC 2014 x86_64
libc:glibc 2.19 NPTL 2.19 
rlimit: STACK 8192k, CORE 0k, NPROC 62803, NOFILE 4096, AS infinity
load average:1.30 0.73 0.50

/proc/meminfo:
MemTotal:        8069616 kB
MemFree:          233768 kB
Buffers:          151584 kB
Cached:          3392432 kB
SwapCached:            0 kB
Active:          5077940 kB
Inactive:        2424872 kB
Active(anon):    3968288 kB
Inactive(anon):   377432 kB
Active(file):    1109652 kB
Inactive(file):  2047440 kB
Unevictable:           0 kB
Mlocked:               0 kB
SwapTotal:         97276 kB
SwapFree:          97276 kB
Dirty:             52200 kB
Writeback:             0 kB
AnonPages:       3958876 kB
Mapped:           602588 kB
Shmem:            386928 kB
Slab:             185232 kB
SReclaimable:     147092 kB
SUnreclaim:        38140 kB
KernelStack:        6912 kB
PageTables:        46356 kB
NFS_Unstable:          0 kB
Bounce:                0 kB
WritebackTmp:          0 kB
CommitLimit:     4132084 kB
Committed_AS:    9668356 kB
VmallocTotal:   34359738367 kB
VmallocUsed:      558640 kB
VmallocChunk:   34359145936 kB
HardwareCorrupted:     0 kB
AnonHugePages:   2494464 kB
HugePages_Total:       0
HugePages_Free:        0
HugePages_Rsvd:        0
HugePages_Surp:        0
Hugepagesize:       2048 kB
DirectMap4k:       79616 kB
DirectMap2M:     2959360 kB
DirectMap1G:     5242880 kB


CPU:total 4 (2 cores per cpu, 2 threads per core) family 6 model 60 stepping 3, cmov, cx8, fxsr, mmx, sse, sse2, sse3, ssse3, sse4.1, sse4.2, popcnt, avx, avx2, aes, clmul, erms, lzcnt, ht, tsc, tscinvbit, bmi1, bmi2

/proc/cpuinfo:
processor	: 0
vendor_id	: GenuineIntel
cpu family	: 6
model		: 60
model name	: Intel(R) Core(TM) i5-4210M CPU @ 2.60GHz
stepping	: 3
microcode	: 0x17
cpu MHz		: 2601.000
cache size	: 3072 KB
physical id	: 0
siblings	: 4
core id		: 0
cpu cores	: 2
apicid		: 0
initial apicid	: 0
fpu		: yes
fpu_exception	: yes
cpuid level	: 13
wp		: yes
flags		: fpu vme de pse tsc msr pae mce cx8 apic sep mtrr pge mca cmov pat pse36 clflush dts acpi mmx fxsr sse sse2 ss ht tm pbe syscall nx pdpe1gb rdtscp lm constant_tsc arch_perfmon pebs bts rep_good nopl xtopology nonstop_tsc aperfmperf eagerfpu pni pclmulqdq dtes64 monitor ds_cpl vmx est tm2 ssse3 fma cx16 xtpr pdcm pcid sse4_1 sse4_2 movbe popcnt tsc_deadline_timer aes xsave avx f16c rdrand lahf_lm abm ida arat epb xsaveopt pln pts dtherm tpr_shadow vnmi flexpriority ept vpid fsgsbase tsc_adjust bmi1 avx2 smep bmi2 erms invpcid
bogomips	: 5188.13
clflush size	: 64
cache_alignment	: 64
address sizes	: 39 bits physical, 48 bits virtual
power management:

processor	: 1
vendor_id	: GenuineIntel
cpu family	: 6
model		: 60
model name	: Intel(R) Core(TM) i5-4210M CPU @ 2.60GHz
stepping	: 3
microcode	: 0x17
cpu MHz		: 2601.000
cache size	: 3072 KB
physical id	: 0
siblings	: 4
core id		: 0
cpu cores	: 2
apicid		: 1
initial apicid	: 1
fpu		: yes
fpu_exception	: yes
cpuid level	: 13
wp		: yes
flags		: fpu vme de pse tsc msr pae mce cx8 apic sep mtrr pge mca cmov pat pse36 clflush dts acpi mmx fxsr sse sse2 ss ht tm pbe syscall nx pdpe1gb rdtscp lm constant_tsc arch_perfmon pebs bts rep_good nopl xtopology nonstop_tsc aperfmperf eagerfpu pni pclmulqdq dtes64 monitor ds_cpl vmx est tm2 ssse3 fma cx16 xtpr pdcm pcid sse4_1 sse4_2 movbe popcnt tsc_deadline_timer aes xsave avx f16c rdrand lahf_lm abm ida arat epb xsaveopt pln pts dtherm tpr_shadow vnmi flexpriority ept vpid fsgsbase tsc_adjust bmi1 avx2 smep bmi2 erms invpcid
bogomips	: 5188.13
clflush size	: 64
cache_alignment	: 64
address sizes	: 39 bits physical, 48 bits virtual
power management:

processor	: 2
vendor_id	: GenuineIntel
cpu family	: 6
model		: 60
model name	: Intel(R) Core(TM) i5-4210M CPU @ 2.60GHz
stepping	: 3
microcode	: 0x17
cpu MHz		: 2601.000
cache size	: 3072 KB
physical id	: 0
siblings	: 4
core id		: 1
cpu cores	: 2
apicid		: 2
initial apicid	: 2
fpu		: yes
fpu_exception	: yes
cpuid level	: 13
wp		: yes
flags		: fpu vme de pse tsc msr pae mce cx8 apic sep mtrr pge mca cmov pat pse36 clflush dts acpi mmx fxsr sse sse2 ss ht tm pbe syscall nx pdpe1gb rdtscp lm constant_tsc arch_perfmon pebs bts rep_good nopl xtopology nonstop_tsc aperfmperf eagerfpu pni pclmulqdq dtes64 monitor ds_cpl vmx est tm2 ssse3 fma cx16 xtpr pdcm pcid sse4_1 sse4_2 movbe popcnt tsc_deadline_timer aes xsave avx f16c rdrand lahf_lm abm ida arat epb xsaveopt pln pts dtherm tpr_shadow vnmi flexpriority ept vpid fsgsbase tsc_adjust bmi1 avx2 smep bmi2 erms invpcid
bogomips	: 5188.13
clflush size	: 64
cache_alignment	: 64
address sizes	: 39 bits physical, 48 bits virtual
power management:

processor	: 3
vendor_id	: GenuineIntel
cpu family	: 6
model		: 60
model name	: Intel(R) Core(TM) i5-4210M CPU @ 2.60GHz
stepping	: 3
microcode	: 0x17
cpu MHz		: 2601.000
cache size	: 3072 KB
physical id	: 0
siblings	: 4
core id		: 1
cpu cores	: 2
apicid		: 3
initial apicid	: 3
fpu		: yes
fpu_exception	: yes
cpuid level	: 13
wp		: yes
flags		: fpu vme de pse tsc msr pae mce cx8 apic sep mtrr pge mca cmov pat pse36 clflush dts acpi mmx fxsr sse sse2 ss ht tm pbe syscall nx pdpe1gb rdtscp lm constant_tsc arch_perfmon pebs bts rep_good nopl xtopology nonstop_tsc aperfmperf eagerfpu pni pclmulqdq dtes64 monitor ds_cpl vmx est tm2 ssse3 fma cx16 xtpr pdcm pcid sse4_1 sse4_2 movbe popcnt tsc_deadline_timer aes xsave avx f16c rdrand lahf_lm abm ida arat epb xsaveopt pln pts dtherm tpr_shadow vnmi flexpriority ept vpid fsgsbase tsc_adjust bmi1 avx2 smep bmi2 erms invpcid
bogomips	: 5188.13
clflush size	: 64
cache_alignment	: 64
address sizes	: 39 bits physical, 48 bits virtual
power management:



Memory: 4k page, physical 8069616k(233768k free), swap 97276k(97276k free)

vm_info: OpenJDK 64-Bit Server VM (25.76-b03) for linux-amd64 JRE (1.8.0_76-release-b03), built on Jun 29 2016 09:39:19 by "builder" with gcc 4.8.4

time: Mon Jan 16 15:35:48 2017
elapsed time: 1 seconds (0d 0h 0m 1s)

